This file contains any messages produced by compilers while
running configure, to aid debugging if configure makes a mistake.

It was created by configure, which was
generated by GNU Autoconf 2.69.  Invocation command line was

  $ ./configure 

## --------- ##
## Platform. ##
## --------- ##

hostname = lib1511-01.it.jyu.fi
uname -m = x86_64
uname -r = 3.10.0-1160.21.1.el7.x86_64
uname -s = Linux
uname -v = #1 SMP Mon Feb 22 18:03:13 EST 2021

/usr/bin/uname -p = x86_64
/bin/uname -X     = unknown

/bin/arch              = x86_64
/usr/bin/arch -k       = unknown
/usr/convex/getsysinfo = unknown
/usr/bin/hostinfo      = unknown
/bin/machine           = unknown
/usr/bin/oslevel       = unknown
/bin/universe          = unknown

PATH: /home/hahelle/miniconda3/bin
PATH: /home/hahelle/miniconda3/condabin
PATH: /usr/local/bin
PATH: /usr/local/sbin
PATH: /usr/bin
PATH: /usr/sbin
PATH: /bin
PATH: /sbin
PATH: /opt/puppetlabs/bin
PATH: /home/hahelle/.local/bin
PATH: /home/hahelle/bin


## ----------- ##
## Core tests. ##
## ----------- ##

configure:2411: checking for a BSD-compatible install
configure:2479: result: /usr/bin/install -c
configure:2490: checking whether build environment is sane
configure:2540: result: yes
configure:2681: checking for a thread-safe mkdir -p
configure:2720: result: /usr/bin/mkdir -p
configure:2733: checking for gawk
configure:2749: found /usr/bin/gawk
configure:2760: result: gawk
configure:2771: checking whether make sets $(MAKE)
configure:2793: result: yes
configure:2923: checking for gcc
configure:2939: found /usr/bin/gcc
configure:2950: result: gcc
configure:3179: checking for C compiler version
configure:3188: gcc --version >&5
gcc (GCC) 4.8.5 20150623 (Red Hat 4.8.5-44)
Copyright (C) 2015 Free Software Foundation, Inc.
This is free software; see the source for copying conditions.  There is NO
warranty; not even for MERCHANTABILITY or FITNESS FOR A PARTICULAR PURPOSE.

configure:3199: $? = 0
configure:3188: gcc -v >&5
Using built-in specs.
COLLECT_GCC=gcc
COLLECT_LTO_WRAPPER=/usr/libexec/gcc/x86_64-redhat-linux/4.8.5/lto-wrapper
Target: x86_64-redhat-linux
Configured with: ../configure --prefix=/usr --mandir=/usr/share/man --infodir=/usr/share/info --with-bugurl=http://bugzilla.redhat.com/bugzilla --enable-bootstrap --enable-shared --enable-threads=posix --enable-checking=release --with-system-zlib --enable-__cxa_atexit --disable-libunwind-exceptions --enable-gnu-unique-object --enable-linker-build-id --with-linker-hash-style=gnu --enable-languages=c,c++,objc,obj-c++,java,fortran,ada,go,lto --enable-plugin --enable-initfini-array --disable-libgcj --with-isl=/builddir/build/BUILD/gcc-4.8.5-20150702/obj-x86_64-redhat-linux/isl-install --with-cloog=/builddir/build/BUILD/gcc-4.8.5-20150702/obj-x86_64-redhat-linux/cloog-install --enable-gnu-indirect-function --with-tune=generic --with-arch_32=x86-64 --build=x86_64-redhat-linux
Thread model: posix
gcc version 4.8.5 20150623 (Red Hat 4.8.5-44) (GCC) 
configure:3199: $? = 0
configure:3188: gcc -V >&5
gcc: error: unrecognized command line option '-V'
gcc: fatal error: no input files
compilation terminated.
configure:3199: $? = 4
configure:3188: gcc -qversion >&5
gcc: error: unrecognized command line option '-qversion'
gcc: fatal error: no input files
compilation terminated.
configure:3199: $? = 4
configure:3219: checking whether the C compiler works
configure:3241: gcc    conftest.c  >&5
configure:3245: $? = 0
configure:3293: result: yes
configure:3296: checking for C compiler default output file name
configure:3298: result: a.out
configure:3304: checking for suffix of executables
configure:3311: gcc -o conftest    conftest.c  >&5
configure:3315: $? = 0
configure:3337: result: 
configure:3359: checking whether we are cross compiling
configure:3367: gcc -o conftest    conftest.c  >&5
configure:3371: $? = 0
configure:3378: ./conftest
configure:3382: $? = 0
configure:3397: result: no
configure:3402: checking for suffix of object files
configure:3424: gcc -c   conftest.c >&5
configure:3428: $? = 0
configure:3449: result: o
configure:3453: checking whether we are using the GNU C compiler
configure:3472: gcc -c   conftest.c >&5
configure:3472: $? = 0
configure:3481: result: yes
configure:3490: checking whether gcc accepts -g
configure:3510: gcc -c -g  conftest.c >&5
configure:3510: $? = 0
configure:3551: result: yes
configure:3568: checking for gcc option to accept ISO C89
configure:3631: gcc  -c -g -O2  conftest.c >&5
configure:3631: $? = 0
configure:3644: result: none needed
configure:3675: checking for style of include used by make
configure:3703: result: GNU
configure:3728: checking dependency style of gcc
configure:3838: result: gcc3
configure:3911: checking for g++
configure:3927: found /usr/bin/g++
configure:3938: result: g++
configure:3965: checking for C++ compiler version
configure:3974: g++ --version >&5
g++ (GCC) 4.8.5 20150623 (Red Hat 4.8.5-44)
Copyright (C) 2015 Free Software Foundation, Inc.
This is free software; see the source for copying conditions.  There is NO
warranty; not even for MERCHANTABILITY or FITNESS FOR A PARTICULAR PURPOSE.

configure:3985: $? = 0
configure:3974: g++ -v >&5
Using built-in specs.
COLLECT_GCC=g++
COLLECT_LTO_WRAPPER=/usr/libexec/gcc/x86_64-redhat-linux/4.8.5/lto-wrapper
Target: x86_64-redhat-linux
Configured with: ../configure --prefix=/usr --mandir=/usr/share/man --infodir=/usr/share/info --with-bugurl=http://bugzilla.redhat.com/bugzilla --enable-bootstrap --enable-shared --enable-threads=posix --enable-checking=release --with-system-zlib --enable-__cxa_atexit --disable-libunwind-exceptions --enable-gnu-unique-object --enable-linker-build-id --with-linker-hash-style=gnu --enable-languages=c,c++,objc,obj-c++,java,fortran,ada,go,lto --enable-plugin --enable-initfini-array --disable-libgcj --with-isl=/builddir/build/BUILD/gcc-4.8.5-20150702/obj-x86_64-redhat-linux/isl-install --with-cloog=/builddir/build/BUILD/gcc-4.8.5-20150702/obj-x86_64-redhat-linux/cloog-install --enable-gnu-indirect-function --with-tune=generic --with-arch_32=x86-64 --build=x86_64-redhat-linux
Thread model: posix
gcc version 4.8.5 20150623 (Red Hat 4.8.5-44) (GCC) 
configure:3985: $? = 0
configure:3974: g++ -V >&5
g++: error: unrecognized command line option '-V'
g++: fatal error: no input files
compilation terminated.
configure:3985: $? = 4
configure:3974: g++ -qversion >&5
g++: error: unrecognized command line option '-qversion'
g++: fatal error: no input files
compilation terminated.
configure:3985: $? = 4
configure:3989: checking whether we are using the GNU C++ compiler
configure:4008: g++ -c   conftest.cpp >&5
configure:4008: $? = 0
configure:4017: result: yes
configure:4026: checking whether g++ accepts -g
configure:4046: g++ -c -g  conftest.cpp >&5
configure:4046: $? = 0
configure:4087: result: yes
configure:4112: checking dependency style of g++
configure:4222: result: gcc3
configure:4298: checking build system type
configure:4312: result: x86_64-unknown-linux-gnu
configure:4332: checking host system type
configure:4345: result: x86_64-unknown-linux-gnu
configure:4386: checking how to print strings
configure:4413: result: printf
configure:4434: checking for a sed that does not truncate output
configure:4498: result: /usr/bin/sed
configure:4516: checking for grep that handles long lines and -e
configure:4574: result: /usr/bin/grep
configure:4579: checking for egrep
configure:4641: result: /usr/bin/grep -E
configure:4646: checking for fgrep
configure:4708: result: /usr/bin/grep -F
configure:4743: checking for ld used by gcc
configure:4810: result: /usr/bin/ld
configure:4817: checking if the linker (/usr/bin/ld) is GNU ld
configure:4832: result: yes
configure:4844: checking for BSD- or MS-compatible name lister (nm)
configure:4893: result: /usr/bin/nm -B
configure:5023: checking the name lister (/usr/bin/nm -B) interface
configure:5030: gcc -c -g -O2  conftest.c >&5
configure:5033: /usr/bin/nm -B "conftest.o"
configure:5036: output
0000000000000000 B some_variable
configure:5043: result: BSD nm
configure:5046: checking whether ln -s works
configure:5050: result: yes
configure:5058: checking the maximum length of command line arguments
configure:5183: result: 1572864
configure:5200: checking whether the shell understands some XSI constructs
configure:5210: result: yes
configure:5214: checking whether the shell understands "+="
configure:5220: result: yes
configure:5255: checking how to convert x86_64-unknown-linux-gnu file names to x86_64-unknown-linux-gnu format
configure:5295: result: func_convert_file_noop
configure:5302: checking how to convert x86_64-unknown-linux-gnu file names to toolchain format
configure:5322: result: func_convert_file_noop
configure:5329: checking for /usr/bin/ld option to reload object files
configure:5336: result: -r
configure:5410: checking for objdump
configure:5426: found /usr/bin/objdump
configure:5437: result: objdump
configure:5469: checking how to recognize dependent libraries
configure:5671: result: pass_all
configure:5756: checking for dlltool
configure:5786: result: no
configure:5816: checking how to associate runtime and link libraries
configure:5843: result: printf %s\n
configure:5904: checking for ar
configure:5920: found /usr/bin/ar
configure:5931: result: ar
configure:5968: checking for archiver @FILE support
configure:5985: gcc -c -g -O2  conftest.c >&5
configure:5985: $? = 0
configure:5988: ar cru libconftest.a @conftest.lst >&5
configure:5991: $? = 0
configure:5996: ar cru libconftest.a @conftest.lst >&5
ar: conftest.o: No such file or directory
configure:5999: $? = 1
configure:6011: result: @
configure:6069: checking for strip
configure:6085: found /usr/bin/strip
configure:6096: result: strip
configure:6168: checking for ranlib
configure:6184: found /usr/bin/ranlib
configure:6195: result: ranlib
configure:6297: checking command to parse /usr/bin/nm -B output from gcc object
configure:6416: gcc -c -g -O2  conftest.c >&5
configure:6419: $? = 0
configure:6423: /usr/bin/nm -B conftest.o \| sed -n -e 's/^.*[ ]\([ABCDGIRSTW][ABCDGIRSTW]*\)[ ][ ]*\([_A-Za-z][_A-Za-z0-9]*\)$/\1 \2 \2/p' | sed '/ __gnu_lto/d' \> conftest.nm
configure:6426: $? = 0
configure:6492: gcc -o conftest -g -O2   conftest.c conftstm.o >&5
configure:6495: $? = 0
configure:6533: result: ok
configure:6570: checking for sysroot
configure:6600: result: no
configure:6677: gcc -c -g -O2  conftest.c >&5
configure:6680: $? = 0
configure:6843: checking for mt
configure:6873: result: no
configure:6893: checking if : is a manifest tool
configure:6899: : '-?'
configure:6907: result: no
configure:7539: checking how to run the C preprocessor
configure:7570: gcc -E  conftest.c
configure:7570: $? = 0
configure:7584: gcc -E  conftest.c
conftest.c:11:28: fatal error: ac_nonexistent.h: No such file or directory
 #include <ac_nonexistent.h>
                            ^
compilation terminated.
configure:7584: $? = 1
configure: failed program was:
| /* confdefs.h */
| #define PACKAGE_NAME ""
| #define PACKAGE_TARNAME ""
| #define PACKAGE_VERSION ""
| #define PACKAGE_STRING ""
| #define PACKAGE_BUGREPORT ""
| #define PACKAGE_URL ""
| #define PACKAGE "usemarcon_cpp"
| #define VERSION "3.18"
| /* end confdefs.h.  */
| #include <ac_nonexistent.h>
configure:7609: result: gcc -E
configure:7629: gcc -E  conftest.c
configure:7629: $? = 0
configure:7643: gcc -E  conftest.c
conftest.c:11:28: fatal error: ac_nonexistent.h: No such file or directory
 #include <ac_nonexistent.h>
                            ^
compilation terminated.
configure:7643: $? = 1
configure: failed program was:
| /* confdefs.h */
| #define PACKAGE_NAME ""
| #define PACKAGE_TARNAME ""
| #define PACKAGE_VERSION ""
| #define PACKAGE_STRING ""
| #define PACKAGE_BUGREPORT ""
| #define PACKAGE_URL ""
| #define PACKAGE "usemarcon_cpp"
| #define VERSION "3.18"
| /* end confdefs.h.  */
| #include <ac_nonexistent.h>
configure:7672: checking for ANSI C header files
configure:7692: gcc -c -g -O2  conftest.c >&5
configure:7692: $? = 0
configure:7765: gcc -o conftest -g -O2   conftest.c  >&5
configure:7765: $? = 0
configure:7765: ./conftest
configure:7765: $? = 0
configure:7776: result: yes
configure:7789: checking for sys/types.h
configure:7789: gcc -c -g -O2  conftest.c >&5
configure:7789: $? = 0
configure:7789: result: yes
configure:7789: checking for sys/stat.h
configure:7789: gcc -c -g -O2  conftest.c >&5
configure:7789: $? = 0
configure:7789: result: yes
configure:7789: checking for stdlib.h
configure:7789: gcc -c -g -O2  conftest.c >&5
configure:7789: $? = 0
configure:7789: result: yes
configure:7789: checking for string.h
configure:7789: gcc -c -g -O2  conftest.c >&5
configure:7789: $? = 0
configure:7789: result: yes
configure:7789: checking for memory.h
configure:7789: gcc -c -g -O2  conftest.c >&5
configure:7789: $? = 0
configure:7789: result: yes
configure:7789: checking for strings.h
configure:7789: gcc -c -g -O2  conftest.c >&5
configure:7789: $? = 0
configure:7789: result: yes
configure:7789: checking for inttypes.h
configure:7789: gcc -c -g -O2  conftest.c >&5
configure:7789: $? = 0
configure:7789: result: yes
configure:7789: checking for stdint.h
configure:7789: gcc -c -g -O2  conftest.c >&5
configure:7789: $? = 0
configure:7789: result: yes
configure:7789: checking for unistd.h
configure:7789: gcc -c -g -O2  conftest.c >&5
configure:7789: $? = 0
configure:7789: result: yes
configure:7803: checking for dlfcn.h
configure:7803: gcc -c -g -O2  conftest.c >&5
configure:7803: $? = 0
configure:7803: result: yes
configure:7971: checking for objdir
configure:7986: result: .libs
configure:8253: checking if gcc supports -fno-rtti -fno-exceptions
configure:8271: gcc -c -g -O2  -fno-rtti -fno-exceptions conftest.c >&5
cc1: warning: command line option '-fno-rtti' is valid for C++/ObjC++ but not for C [enabled by default]
configure:8275: $? = 0
configure:8288: result: no
configure:8598: checking for gcc option to produce PIC
configure:8605: result: -fPIC -DPIC
configure:8613: checking if gcc PIC flag -fPIC -DPIC works
configure:8631: gcc -c -g -O2  -fPIC -DPIC -DPIC conftest.c >&5
configure:8635: $? = 0
configure:8648: result: yes
configure:8677: checking if gcc static flag -static works
configure:8705: result: no
configure:8720: checking if gcc supports -c -o file.o
configure:8741: gcc -c -g -O2  -o out/conftest2.o conftest.c >&5
configure:8745: $? = 0
configure:8767: result: yes
configure:8775: checking if gcc supports -c -o file.o
configure:8822: result: yes
configure:8855: checking whether the gcc linker (/usr/bin/ld -m elf_x86_64) supports shared libraries
configure:10013: result: yes
configure:10258: checking dynamic linker characteristics
configure:10772: gcc -o conftest -g -O2   -Wl,-rpath -Wl,/foo conftest.c  >&5
configure:10772: $? = 0
configure:10994: result: GNU/Linux ld.so
configure:11101: checking how to hardcode library paths into programs
configure:11126: result: immediate
configure:11666: checking whether stripping libraries is possible
configure:11671: result: yes
configure:11706: checking if libtool supports shared libraries
configure:11708: result: yes
configure:11711: checking whether to build shared libraries
configure:11732: result: no
configure:11735: checking whether to build static libraries
configure:11739: result: yes
configure:11762: checking how to run the C++ preprocessor
configure:11789: g++ -E  conftest.cpp
configure:11789: $? = 0
configure:11803: g++ -E  conftest.cpp
conftest.cpp:23:28: fatal error: ac_nonexistent.h: No such file or directory
 #include <ac_nonexistent.h>
                            ^
compilation terminated.
configure:11803: $? = 1
configure: failed program was:
| /* confdefs.h */
| #define PACKAGE_NAME ""
| #define PACKAGE_TARNAME ""
| #define PACKAGE_VERSION ""
| #define PACKAGE_STRING ""
| #define PACKAGE_BUGREPORT ""
| #define PACKAGE_URL ""
| #define PACKAGE "usemarcon_cpp"
| #define VERSION "3.18"
| #define STDC_HEADERS 1
| #define HAVE_SYS_TYPES_H 1
| #define HAVE_SYS_STAT_H 1
| #define HAVE_STDLIB_H 1
| #define HAVE_STRING_H 1
| #define HAVE_MEMORY_H 1
| #define HAVE_STRINGS_H 1
| #define HAVE_INTTYPES_H 1
| #define HAVE_STDINT_H 1
| #define HAVE_UNISTD_H 1
| #define HAVE_DLFCN_H 1
| #define LT_OBJDIR ".libs/"
| /* end confdefs.h.  */
| #include <ac_nonexistent.h>
configure:11828: result: g++ -E
configure:11848: g++ -E  conftest.cpp
configure:11848: $? = 0
configure:11862: g++ -E  conftest.cpp
conftest.cpp:23:28: fatal error: ac_nonexistent.h: No such file or directory
 #include <ac_nonexistent.h>
                            ^
compilation terminated.
configure:11862: $? = 1
configure: failed program was:
| /* confdefs.h */
| #define PACKAGE_NAME ""
| #define PACKAGE_TARNAME ""
| #define PACKAGE_VERSION ""
| #define PACKAGE_STRING ""
| #define PACKAGE_BUGREPORT ""
| #define PACKAGE_URL ""
| #define PACKAGE "usemarcon_cpp"
| #define VERSION "3.18"
| #define STDC_HEADERS 1
| #define HAVE_SYS_TYPES_H 1
| #define HAVE_SYS_STAT_H 1
| #define HAVE_STDLIB_H 1
| #define HAVE_STRING_H 1
| #define HAVE_MEMORY_H 1
| #define HAVE_STRINGS_H 1
| #define HAVE_INTTYPES_H 1
| #define HAVE_STDINT_H 1
| #define HAVE_UNISTD_H 1
| #define HAVE_DLFCN_H 1
| #define LT_OBJDIR ".libs/"
| /* end confdefs.h.  */
| #include <ac_nonexistent.h>
configure:12032: checking for ld used by g++
configure:12099: result: /usr/bin/ld -m elf_x86_64
configure:12106: checking if the linker (/usr/bin/ld -m elf_x86_64) is GNU ld
configure:12121: result: yes
configure:12176: checking whether the g++ linker (/usr/bin/ld -m elf_x86_64) supports shared libraries
configure:13180: result: yes
configure:13215: g++ -c -g -O2  conftest.cpp >&5
configure:13218: $? = 0
configure:13738: checking for g++ option to produce PIC
configure:13745: result: -fPIC -DPIC
configure:13753: checking if g++ PIC flag -fPIC -DPIC works
configure:13771: g++ -c -g -O2  -fPIC -DPIC -DPIC conftest.cpp >&5
configure:13775: $? = 0
configure:13788: result: yes
configure:13811: checking if g++ static flag -static works
configure:13839: result: no
configure:13851: checking if g++ supports -c -o file.o
configure:13872: g++ -c -g -O2  -o out/conftest2.o conftest.cpp >&5
configure:13876: $? = 0
configure:13898: result: yes
configure:13903: checking if g++ supports -c -o file.o
configure:13950: result: yes
configure:13980: checking whether the g++ linker (/usr/bin/ld -m elf_x86_64) supports shared libraries
configure:14014: result: yes
configure:14157: checking dynamic linker characteristics
configure:14827: result: GNU/Linux ld.so
configure:14880: checking how to hardcode library paths into programs
configure:14905: result: immediate
configure:14964: checking whether build environment is sane
configure:15014: result: yes
configure:15027: checking fcntl.h usability
configure:15027: g++ -c -g -O2  conftest.cpp >&5
configure:15027: $? = 0
configure:15027: result: yes
configure:15027: checking fcntl.h presence
configure:15027: g++ -E  conftest.cpp
configure:15027: $? = 0
configure:15027: result: yes
configure:15027: checking for fcntl.h
configure:15027: result: yes
configure:15039: checking malloc.h usability
configure:15039: g++ -c -g -O2  conftest.cpp >&5
configure:15039: $? = 0
configure:15039: result: yes
configure:15039: checking malloc.h presence
configure:15039: g++ -E  conftest.cpp
configure:15039: $? = 0
configure:15039: result: yes
configure:15039: checking for malloc.h
configure:15039: result: yes
configure:15051: checking cstdlib usability
configure:15051: g++ -c -g -O2  conftest.cpp >&5
configure:15051: $? = 0
configure:15051: result: yes
configure:15051: checking cstdlib presence
configure:15051: g++ -E  conftest.cpp
configure:15051: $? = 0
configure:15051: result: yes
configure:15051: checking for cstdlib
configure:15051: result: yes
configure:15061: checking for ANSI C header files
configure:15165: result: yes
configure:15354: creating ./config.status

## ---------------------- ##
## Running config.status. ##
## ---------------------- ##

This file was extended by config.status, which was
generated by GNU Autoconf 2.69.  Invocation command line was

  CONFIG_FILES    = 
  CONFIG_HEADERS  = 
  CONFIG_LINKS    = 
  CONFIG_COMMANDS = 
  $ ./config.status 

on lib1511-01.it.jyu.fi

config.status:1069: creating Makefile
config.status:1069: creating library/Makefile
config.status:1069: creating program/Makefile
config.status:1069: creating usemarcon-config
config.status:1241: executing depfiles commands
config.status:1241: executing libtool commands
config.status:1241: executing default commands

## ---------------- ##
## Cache variables. ##
## ---------------- ##

ac_cv_build=x86_64-unknown-linux-gnu
ac_cv_c_compiler_gnu=yes
ac_cv_cxx_compiler_gnu=yes
ac_cv_env_CCC_set=
ac_cv_env_CCC_value=
ac_cv_env_CC_set=
ac_cv_env_CC_value=
ac_cv_env_CFLAGS_set=
ac_cv_env_CFLAGS_value=
ac_cv_env_CPPFLAGS_set=
ac_cv_env_CPPFLAGS_value=
ac_cv_env_CPP_set=
ac_cv_env_CPP_value=
ac_cv_env_CXXCPP_set=
ac_cv_env_CXXCPP_value=
ac_cv_env_CXXFLAGS_set=
ac_cv_env_CXXFLAGS_value=
ac_cv_env_CXX_set=
ac_cv_env_CXX_value=
ac_cv_env_LDFLAGS_set=
ac_cv_env_LDFLAGS_value=
ac_cv_env_LIBS_set=
ac_cv_env_LIBS_value=
ac_cv_env_build_alias_set=
ac_cv_env_build_alias_value=
ac_cv_env_host_alias_set=
ac_cv_env_host_alias_value=
ac_cv_env_target_alias_set=
ac_cv_env_target_alias_value=
ac_cv_header_cstdlib=yes
ac_cv_header_dlfcn_h=yes
ac_cv_header_fcntl_h=yes
ac_cv_header_inttypes_h=yes
ac_cv_header_malloc_h=yes
ac_cv_header_memory_h=yes
ac_cv_header_stdc=yes
ac_cv_header_stdint_h=yes
ac_cv_header_stdlib_h=yes
ac_cv_header_string_h=yes
ac_cv_header_strings_h=yes
ac_cv_header_sys_stat_h=yes
ac_cv_header_sys_types_h=yes
ac_cv_header_unistd_h=yes
ac_cv_host=x86_64-unknown-linux-gnu
ac_cv_objext=o
ac_cv_path_EGREP='/usr/bin/grep -E'
ac_cv_path_FGREP='/usr/bin/grep -F'
ac_cv_path_GREP=/usr/bin/grep
ac_cv_path_SED=/usr/bin/sed
ac_cv_path_install='/usr/bin/install -c'
ac_cv_path_mkdir=/usr/bin/mkdir
ac_cv_prog_AWK=gawk
ac_cv_prog_CPP='gcc -E'
ac_cv_prog_CXXCPP='g++ -E'
ac_cv_prog_ac_ct_AR=ar
ac_cv_prog_ac_ct_CC=gcc
ac_cv_prog_ac_ct_CXX=g++
ac_cv_prog_ac_ct_OBJDUMP=objdump
ac_cv_prog_ac_ct_RANLIB=ranlib
ac_cv_prog_ac_ct_STRIP=strip
ac_cv_prog_cc_c89=
ac_cv_prog_cc_g=yes
ac_cv_prog_cxx_g=yes
ac_cv_prog_make_make_set=yes
am_cv_CC_dependencies_compiler_type=gcc3
am_cv_CXX_dependencies_compiler_type=gcc3
lt_cv_ar_at_file=@
lt_cv_deplibs_check_method=pass_all
lt_cv_file_magic_cmd='$MAGIC_CMD'
lt_cv_file_magic_test_file=
lt_cv_ld_reload_flag=-r
lt_cv_nm_interface='BSD nm'
lt_cv_objdir=.libs
lt_cv_path_LD=/usr/bin/ld
lt_cv_path_LDCXX='/usr/bin/ld -m elf_x86_64'
lt_cv_path_NM='/usr/bin/nm -B'
lt_cv_path_mainfest_tool=no
lt_cv_prog_compiler_c_o=yes
lt_cv_prog_compiler_c_o_CXX=yes
lt_cv_prog_compiler_pic='-fPIC -DPIC'
lt_cv_prog_compiler_pic_CXX='-fPIC -DPIC'
lt_cv_prog_compiler_pic_works=yes
lt_cv_prog_compiler_pic_works_CXX=yes
lt_cv_prog_compiler_rtti_exceptions=no
lt_cv_prog_compiler_static_works=no
lt_cv_prog_compiler_static_works_CXX=no
lt_cv_prog_gnu_ld=yes
lt_cv_prog_gnu_ldcxx=yes
lt_cv_sharedlib_from_linklib_cmd='printf %s\n'
lt_cv_shlibpath_overrides_runpath=no
lt_cv_sys_global_symbol_pipe='sed -n -e '\''s/^.*[	 ]\([ABCDGIRSTW][ABCDGIRSTW]*\)[	 ][	 ]*\([_A-Za-z][_A-Za-z0-9]*\)$/\1 \2 \2/p'\'' | sed '\''/ __gnu_lto/d'\'''
lt_cv_sys_global_symbol_to_c_name_address='sed -n -e '\''s/^: \([^ ]*\)[ ]*$/  {\"\1\", (void *) 0},/p'\'' -e '\''s/^[ABCDGIRSTW]* \([^ ]*\) \([^ ]*\)$/  {"\2", (void *) \&\2},/p'\'''
lt_cv_sys_global_symbol_to_c_name_address_lib_prefix='sed -n -e '\''s/^: \([^ ]*\)[ ]*$/  {\"\1\", (void *) 0},/p'\'' -e '\''s/^[ABCDGIRSTW]* \([^ ]*\) \(lib[^ ]*\)$/  {"\2", (void *) \&\2},/p'\'' -e '\''s/^[ABCDGIRSTW]* \([^ ]*\) \([^ ]*\)$/  {"lib\2", (void *) \&\2},/p'\'''
lt_cv_sys_global_symbol_to_cdecl='sed -n -e '\''s/^T .* \(.*\)$/extern int \1();/p'\'' -e '\''s/^[ABCDGIRSTW]* .* \(.*\)$/extern char \1;/p'\'''
lt_cv_sys_max_cmd_len=1572864
lt_cv_to_host_file_cmd=func_convert_file_noop
lt_cv_to_tool_file_cmd=func_convert_file_noop

## ----------------- ##
## Output variables. ##
## ----------------- ##

ACLOCAL='${SHELL} /home/hahelle/usemarcon/missing --run aclocal-1.11'
AMDEPBACKSLASH='\'
AMDEP_FALSE='#'
AMDEP_TRUE=''
AMTAR='${SHELL} /home/hahelle/usemarcon/missing --run tar'
AR='ar'
AUTOCONF='${SHELL} /home/hahelle/usemarcon/missing --run autoconf'
AUTOHEADER='${SHELL} /home/hahelle/usemarcon/missing --run autoheader'
AUTOMAKE='${SHELL} /home/hahelle/usemarcon/missing --run automake-1.11'
AWK='gawk'
CC='gcc'
CCDEPMODE='depmode=gcc3'
CFLAGS='-g -O2'
CPP='gcc -E'
CPPFLAGS=''
CXX='g++'
CXXCPP='g++ -E'
CXXDEPMODE='depmode=gcc3'
CXXFLAGS='-g -O2'
CYGPATH_W='echo'
DEFS='-DPACKAGE_NAME=\"\" -DPACKAGE_TARNAME=\"\" -DPACKAGE_VERSION=\"\" -DPACKAGE_STRING=\"\" -DPACKAGE_BUGREPORT=\"\" -DPACKAGE_URL=\"\" -DPACKAGE=\"usemarcon_cpp\" -DVERSION=\"3.18\" -DSTDC_HEADERS=1 -DHAVE_SYS_TYPES_H=1 -DHAVE_SYS_STAT_H=1 -DHAVE_STDLIB_H=1 -DHAVE_STRING_H=1 -DHAVE_MEMORY_H=1 -DHAVE_STRINGS_H=1 -DHAVE_INTTYPES_H=1 -DHAVE_STDINT_H=1 -DHAVE_UNISTD_H=1 -DHAVE_DLFCN_H=1 -DLT_OBJDIR=\".libs/\" -DHAVE_FCNTL_H=1 -DHAVE_MALLOC_H=1 -DHAVE_CSTDLIB=1 -DSTDC_HEADERS=1'
DEPDIR='.deps'
DLLTOOL='false'
DSYMUTIL=''
DUMPBIN=''
ECHO_C=''
ECHO_N='-n'
ECHO_T=''
EGREP='/usr/bin/grep -E'
EXEEXT=''
FGREP='/usr/bin/grep -F'
GREP='/usr/bin/grep'
INSTALL_DATA='${INSTALL} -m 644'
INSTALL_PROGRAM='${INSTALL}'
INSTALL_SCRIPT='${INSTALL}'
INSTALL_STRIP_PROGRAM='$(install_sh) -c -s'
LD='/usr/bin/ld -m elf_x86_64'
LDFLAGS=''
LIBOBJS=''
LIBS=''
LIBTOOL='$(SHELL) $(top_builddir)/libtool'
LIPO=''
LN_S='ln -s'
LTLIBOBJS=''
MAKEINFO='${SHELL} /home/hahelle/usemarcon/missing --run makeinfo'
MANIFEST_TOOL=':'
MKDIR_P='/usr/bin/mkdir -p'
NM='/usr/bin/nm -B'
NMEDIT=''
OBJDUMP='objdump'
OBJEXT='o'
OTOOL64=''
OTOOL=''
PACKAGE='usemarcon_cpp'
PACKAGE_BUGREPORT=''
PACKAGE_NAME=''
PACKAGE_STRING=''
PACKAGE_TARNAME=''
PACKAGE_URL=''
PACKAGE_VERSION=''
PATH_SEPARATOR=':'
RANLIB='ranlib'
SED='/usr/bin/sed'
SET_MAKE=''
SHELL='/bin/sh'
STRIP='strip'
USEMARCON_BUILD_ROOT='/home/hahelle/usemarcon'
USEMARCON_CONF_CFLAGS=''
USEMARCON_SRC_ROOT='/home/hahelle/usemarcon'
VERSION='3.18'
ac_ct_AR='ar'
ac_ct_CC='gcc'
ac_ct_CXX='g++'
ac_ct_DUMPBIN=''
am__EXEEXT_FALSE=''
am__EXEEXT_TRUE='#'
am__fastdepCC_FALSE='#'
am__fastdepCC_TRUE=''
am__fastdepCXX_FALSE='#'
am__fastdepCXX_TRUE=''
am__include='include'
am__isrc=''
am__leading_dot='.'
am__quote=''
am__tar='${AMTAR} chof - "$$tardir"'
am__untar='${AMTAR} xf -'
bindir='${exec_prefix}/bin'
build='x86_64-unknown-linux-gnu'
build_alias=''
build_cpu='x86_64'
build_os='linux-gnu'
build_vendor='unknown'
datadir='${datarootdir}'
datarootdir='${prefix}/share'
docdir='${datarootdir}/doc/${PACKAGE}'
dvidir='${docdir}'
exec_prefix='${prefix}'
host='x86_64-unknown-linux-gnu'
host_alias=''
host_cpu='x86_64'
host_os='linux-gnu'
host_vendor='unknown'
htmldir='${docdir}'
includedir='${prefix}/include'
infodir='${datarootdir}/info'
install_sh='${SHELL} /home/hahelle/usemarcon/install-sh'
libdir='${exec_prefix}/lib'
libexecdir='${exec_prefix}/libexec'
localedir='${datarootdir}/locale'
localstatedir='${prefix}/var'
mandir='${datarootdir}/man'
mkdir_p='/usr/bin/mkdir -p'
oldincludedir='/usr/include'
pdfdir='${docdir}'
prefix='/usr/local'
program_transform_name='s,x,x,'
psdir='${docdir}'
sbindir='${exec_prefix}/sbin'
sharedstatedir='${prefix}/com'
sysconfdir='${prefix}/etc'
target_alias=''

## ----------- ##
## confdefs.h. ##
## ----------- ##

/* confdefs.h */
#define PACKAGE_NAME ""
#define PACKAGE_TARNAME ""
#define PACKAGE_VERSION ""
#define PACKAGE_STRING ""
#define PACKAGE_BUGREPORT ""
#define PACKAGE_URL ""
#define PACKAGE "usemarcon_cpp"
#define VERSION "3.18"
#define STDC_HEADERS 1
#define HAVE_SYS_TYPES_H 1
#define HAVE_SYS_STAT_H 1
#define HAVE_STDLIB_H 1
#define HAVE_STRING_H 1
#define HAVE_MEMORY_H 1
#define HAVE_STRINGS_H 1
#define HAVE_INTTYPES_H 1
#define HAVE_STDINT_H 1
#define HAVE_UNISTD_H 1
#define HAVE_DLFCN_H 1
#define LT_OBJDIR ".libs/"
#define HAVE_FCNTL_H 1
#define HAVE_MALLOC_H 1
#define HAVE_CSTDLIB 1
#define STDC_HEADERS 1

configure: exit 0
